<?xml version="1.0" encoding="UTF-8"?>
<!-- Generated by org.testng.reporters.JUnitReportReporter -->
<testsuite hostname="LAPTOP-T7OOD52R" failures="0" tests="1" name="testNG.Equals_Assert" time="0.027" errors="0" timestamp="2023-11-19T19:21:31 EST" skipped="0">
  <testcase classname="testNG.Equals_Assert" name="test" time="0.027"/>
</testsuite> <!-- testNG.Equals_Assert -->
