<?xml version="1.0" encoding="UTF-8"?>
<!-- Generated by org.testng.reporters.JUnitReportReporter -->
<testsuite hostname="LAPTOP-T7OOD52R" failures="0" tests="1" name="testNG.FbLogin_testng" time="6.991" errors="0" timestamp="2023-11-17T19:08:48 EST" skipped="0">
  <testcase classname="testNG.FbLogin_testng" name="testlogin" time="6.991"/>
</testsuite> <!-- testNG.FbLogin_testng -->
