<?xml version="1.0" encoding="UTF-8"?>
<!-- Generated by org.testng.reporters.JUnitReportReporter -->
<testsuite hostname="LAPTOP-T7OOD52R" failures="0" tests="1" name="testNG.Class" time="0.013" errors="0" timestamp="2023-11-19T17:08:09 EST" skipped="0">
  <testcase classname="testNG.Class" name="Signup" time="0.013">
    <system-out>
      <![CDATA[Application Sign up]]>
    </system-out>
  </testcase> <!-- Signup -->
  <system-out>
    <![CDATA[Open Browser
Open Application
Application Sign up
Close Browser]]>
  </system-out>
</testsuite> <!-- testNG.Class -->
