<?xml version="1.0" encoding="UTF-8"?>
<!-- Generated by org.testng.reporters.JUnitReportReporter -->
<testsuite hostname="LAPTOP-T7OOD52R" failures="0" tests="3" name="testNG.Different_Annotations" time="0.040" errors="0" timestamp="2023-11-14T20:04:47 EST" skipped="0">
  <testcase classname="testNG.Different_Annotations" name="AddUser" time="0.015">
    <system-out>
      <![CDATA[User added]]>
    </system-out>
  </testcase> <!-- AddUser -->
  <testcase classname="testNG.Different_Annotations" name="ModifyUser" time="0.020">
    <system-out>
      <![CDATA[User Details modified]]>
    </system-out>
  </testcase> <!-- ModifyUser -->
  <testcase classname="testNG.Different_Annotations" name="DeleteUser" time="0.005">
    <system-out>
      <![CDATA[User deleted]]>
    </system-out>
  </testcase> <!-- DeleteUser -->
  <system-out>
    <![CDATA[Login to Application
User added
Logout from Application
Login to Application
User Details modified
Logout from Application
Login to Application
User deleted
Logout from Application]]>
  </system-out>
</testsuite> <!-- testNG.Different_Annotations -->
