<?xml version="1.0" encoding="UTF-8"?>
<!-- Generated by org.testng.reporters.JUnitReportReporter -->
<testsuite hostname="LAPTOP-T7OOD52R" failures="0" tests="5" name="testNG.Groups_method" time="0.033" errors="0" timestamp="2023-11-14T19:29:43 EST" skipped="0">
  <testcase classname="testNG.Groups_method" name="test5" time="0.003">
    <system-out>
      <![CDATA[test 5]]>
    </system-out>
  </testcase> <!-- test5 -->
  <testcase classname="testNG.Groups_method" name="test2" time="0.015">
    <system-out>
      <![CDATA[test 2]]>
    </system-out>
  </testcase> <!-- test2 -->
  <testcase classname="testNG.Groups_method" name="test3" time="0.002">
    <system-out>
      <![CDATA[test 3]]>
    </system-out>
  </testcase> <!-- test3 -->
  <testcase classname="testNG.Groups_method" name="test1" time="0.004">
    <system-out>
      <![CDATA[test 1]]>
    </system-out>
  </testcase> <!-- test1 -->
  <testcase classname="testNG.Groups_method" name="test4" time="0.009">
    <system-out>
      <![CDATA[test 4]]>
    </system-out>
  </testcase> <!-- test4 -->
  <system-out>
    <![CDATA[Contact Added
Chat
create account
create account
Delete Account
Edit Account
Login method executed
hello
hello
test 2
test 3
test 4
test 5
test 1
Edit Account
Delete Account]]>
  </system-out>
</testsuite> <!-- testNG.Groups_method -->
