<?xml version="1.0" encoding="UTF-8"?>
<!-- Generated by org.testng.reporters.JUnitReportReporter -->
<testsuite hostname="LAPTOP-T7OOD52R" failures="0" tests="3" name="testNG.Alphabetical_order" time="0.016" errors="0" timestamp="2023-11-14T19:29:43 EST" skipped="0">
  <testcase classname="testNG.Alphabetical_order" name="CreateAccount" time="0.005">
    <system-out>
      <![CDATA[create account]]>
    </system-out>
  </testcase> <!-- CreateAccount -->
  <testcase classname="testNG.Alphabetical_order" name="EditAccount" time="0.008">
    <system-out>
      <![CDATA[Edit Account]]>
    </system-out>
  </testcase> <!-- EditAccount -->
  <testcase classname="testNG.Alphabetical_order" name="DeleteAccount" time="0.003">
    <system-out>
      <![CDATA[Delete Account]]>
    </system-out>
  </testcase> <!-- DeleteAccount -->
  <system-out>
    <![CDATA[Contact Added
Chat
create account
create account
Delete Account
Edit Account
Login method executed
hello
hello
test 2
test 3
test 4
test 5
test 1
Edit Account
Delete Account]]>
  </system-out>
</testsuite> <!-- testNG.Alphabetical_order -->
