<?xml version="1.0" encoding="UTF-8"?>
<!-- Generated by org.testng.reporters.JUnitReportReporter -->
<testsuite hostname="LAPTOP-T7OOD52R" failures="0" tests="1" name="testNG.Signup" time="0.003" errors="0" timestamp="2023-11-19T17:19:44 EST" skipped="0">
  <testcase classname="testNG.Signup" name="m1" time="0.003">
    <system-out>
      <![CDATA[smoke Testing - m1 method executed]]>
    </system-out>
  </testcase> <!-- m1 -->
  <system-out>
    <![CDATA[smoke Testing - m4 method executed
smoke Testing - m1 method executed]]>
  </system-out>
</testsuite> <!-- testNG.Signup -->
