<?xml version="1.0" encoding="UTF-8"?>
<!-- Generated by org.testng.reporters.JUnitReportReporter -->
<testsuite hostname="LAPTOP-T7OOD52R" failures="0" tests="2" name="testNG.Depends" time="0.023" errors="0" timestamp="2023-11-19T16:25:19 EST" skipped="0">
  <testcase classname="testNG.Depends" name="Contact" time="0.019">
    <system-out>
      <![CDATA[Contact Added]]>
    </system-out>
  </testcase> <!-- Contact -->
  <testcase classname="testNG.Depends" name="Chat" time="0.004">
    <system-out>
      <![CDATA[Chat]]>
    </system-out>
  </testcase> <!-- Chat -->
  <system-out>
    <![CDATA[Contact Added
Chat]]>
  </system-out>
</testsuite> <!-- testNG.Depends -->
