<?xml version="1.0" encoding="UTF-8"?>
<!-- Generated by org.testng.reporters.JUnitReportReporter -->
<testsuite hostname="LAPTOP-T7OOD52R" failures="0" tests="3" name="testNG.Dataprovider" time="0.023" errors="0" timestamp="2023-11-19T18:47:14 EST" skipped="0">
  <testcase classname="testNG.Dataprovider" name="Login" time="0.005">
    <system-out>
      <![CDATA[admin2
manager2]]>
    </system-out>
  </testcase> <!-- Login -->
  <testcase classname="testNG.Dataprovider" name="Login" time="0.014">
    <system-out>
      <![CDATA[admin1
manager1]]>
    </system-out>
  </testcase> <!-- Login -->
  <testcase classname="testNG.Dataprovider" name="Login" time="0.004">
    <system-out>
      <![CDATA[admin3
manager3]]>
    </system-out>
  </testcase> <!-- Login -->
  <system-out>
    <![CDATA[admin1
manager1
admin2
manager2
admin3
manager3]]>
  </system-out>
</testsuite> <!-- testNG.Dataprovider -->
