<?xml version="1.0" encoding="UTF-8"?>
<!-- Generated by org.testng.reporters.JUnitReportReporter -->
<testsuite hostname="LAPTOP-T7OOD52R" failures="0" tests="1" name="testNG.Test_1" time="0.006" errors="0" timestamp="2023-11-14T19:29:43 EST" skipped="0">
  <testcase classname="testNG.Test_1" name="test1" time="0.006">
    <system-out>
      <![CDATA[hello
hello]]>
    </system-out>
  </testcase> <!-- test1 -->
  <system-out>
    <![CDATA[Contact Added
Chat
create account
create account
Delete Account
Edit Account
Login method executed
hello
hello
test 2
test 3
test 4
test 5
test 1
Edit Account
Delete Account]]>
  </system-out>
</testsuite> <!-- testNG.Test_1 -->
