<?xml version="1.0" encoding="UTF-8"?>
<!-- Generated by org.testng.reporters.JUnitReportReporter -->
<testsuite hostname="LAPTOP-T7OOD52R" failures="0" tests="1" name="testNG.Assert_true_or_false" time="0.016" errors="0" timestamp="2023-11-19T19:23:34 EST" skipped="0">
  <testcase classname="testNG.Assert_true_or_false" name="test" time="0.016"/>
</testsuite> <!-- testNG.Assert_true_or_false -->
