<?xml version="1.0" encoding="UTF-8"?>
<!-- Generated by org.testng.reporters.JUnitReportReporter -->
<testsuite hostname="LAPTOP-T7OOD52R" failures="0" tests="10" name="testNG.Invocation" time="0.070" errors="0" timestamp="2023-11-19T16:02:53 EST" skipped="0">
  <testcase classname="testNG.Invocation" name="CreateAccount" time="0.003">
    <system-out>
      <![CDATA[Create Account]]>
    </system-out>
  </testcase> <!-- CreateAccount -->
  <testcase classname="testNG.Invocation" name="CreateAccount" time="0.002">
    <system-out>
      <![CDATA[Create Account]]>
    </system-out>
  </testcase> <!-- CreateAccount -->
  <testcase classname="testNG.Invocation" name="CreateAccount" time="0.003">
    <system-out>
      <![CDATA[Create Account]]>
    </system-out>
  </testcase> <!-- CreateAccount -->
  <testcase classname="testNG.Invocation" name="CreateAccount" time="0.005">
    <system-out>
      <![CDATA[Create Account]]>
    </system-out>
  </testcase> <!-- CreateAccount -->
  <testcase classname="testNG.Invocation" name="CreateAccount" time="0.003">
    <system-out>
      <![CDATA[Create Account]]>
    </system-out>
  </testcase> <!-- CreateAccount -->
  <testcase classname="testNG.Invocation" name="CreateAccount" time="0.011">
    <system-out>
      <![CDATA[Create Account]]>
    </system-out>
  </testcase> <!-- CreateAccount -->
  <testcase classname="testNG.Invocation" name="CreateAccount" time="0.028">
    <system-out>
      <![CDATA[Create Account]]>
    </system-out>
  </testcase> <!-- CreateAccount -->
  <testcase classname="testNG.Invocation" name="CreateAccount" time="0.007">
    <system-out>
      <![CDATA[Create Account]]>
    </system-out>
  </testcase> <!-- CreateAccount -->
  <testcase classname="testNG.Invocation" name="CreateAccount" time="0.005">
    <system-out>
      <![CDATA[Create Account]]>
    </system-out>
  </testcase> <!-- CreateAccount -->
  <testcase classname="testNG.Invocation" name="CreateAccount" time="0.003">
    <system-out>
      <![CDATA[Create Account]]>
    </system-out>
  </testcase> <!-- CreateAccount -->
  <system-out>
    <![CDATA[Create Account
Create Account
Create Account
Create Account
Create Account
Create Account
Create Account
Create Account
Create Account
Create Account]]>
  </system-out>
</testsuite> <!-- testNG.Invocation -->
