<?xml version="1.0" encoding="UTF-8"?>
<!-- Generated by org.testng.reporters.JUnitReportReporter -->
<testsuite hostname="LAPTOP-T7OOD52R" failures="0" tests="3" name="testNG.Suites" time="0.025" errors="0" timestamp="2023-11-19T17:02:39 EST" skipped="0">
  <testcase classname="testNG.Suites" name="test4" time="0.003">
    <system-out>
      <![CDATA[Test4]]>
    </system-out>
  </testcase> <!-- test4 -->
  <testcase classname="testNG.Suites" name="test2" time="0.018">
    <system-out>
      <![CDATA[Test2]]>
    </system-out>
  </testcase> <!-- test2 -->
  <testcase classname="testNG.Suites" name="test3" time="0.004">
    <system-out>
      <![CDATA[Test3]]>
    </system-out>
  </testcase> <!-- test3 -->
  <system-out>
    <![CDATA[Test2
Test3
Test4]]>
  </system-out>
</testsuite> <!-- testNG.Suites -->
