<?xml version="1.0" encoding="UTF-8"?>
<!-- Generated by org.testng.reporters.JUnitReportReporter -->
<testsuite hostname="LAPTOP-T7OOD52R" failures="0" tests="3" name="testNG.Fb_DifferentBrowser" time="6.043" errors="0" timestamp="2023-11-18T14:17:11 EST" skipped="0">
  <testcase classname="testNG.Fb_DifferentBrowser" name="testfacebookcreateaccount" time="2.270"/>
  <testcase classname="testNG.Fb_DifferentBrowser" name="testfacebookcreateaccount" time="1.957"/>
  <testcase classname="testNG.Fb_DifferentBrowser" name="testfacebookcreateaccount" time="1.816"/>
  <system-out>
    <![CDATA[testfacebookcreateaccountecexution is pass
testfacebookcreateaccountecexution is pass
testfacebookcreateaccountecexution is pass]]>
  </system-out>
</testsuite> <!-- testNG.Fb_DifferentBrowser -->
