<?xml version="1.0" encoding="UTF-8"?>
<!-- Generated by org.testng.reporters.JUnitReportReporter -->
<testsuite hostname="LAPTOP-T7OOD52R" failures="0" tests="3" name="testNG.Script_2" time="0.039" errors="0" timestamp="2023-11-19T16:23:22 EST" skipped="0">
  <testcase classname="testNG.Script_2" name="CreateAccount" time="0.033">
    <system-out>
      <![CDATA[create account]]>
    </system-out>
  </testcase> <!-- CreateAccount -->
  <testcase classname="testNG.Script_2" name="EditAccount" time="0.003">
    <system-out>
      <![CDATA[Edit Account]]>
    </system-out>
  </testcase> <!-- EditAccount -->
  <testcase classname="testNG.Script_2" name="DeleteAccount" time="0.003">
    <system-out>
      <![CDATA[Delete Account]]>
    </system-out>
  </testcase> <!-- DeleteAccount -->
  <system-out>
    <![CDATA[create account
Edit Account
Delete Account]]>
  </system-out>
</testsuite> <!-- testNG.Script_2 -->
